i$ kubectl logs -f -n scoville deployment/scoville
time=2026-04-18T20:14:53.208Z level=INFO msg="southbound: host mode (pull via /flows)"
time=2026-04-18T20:14:53.209Z level=INFO msg="bmp collector configured" nats_url=nats://nats.jalapeno.svc.cluster.local:4222 topo_id=underlay
time=2026-04-18T20:14:53.209Z level=INFO msg="scoville starting" addr=:8080 bmp=true encap_mode=host
time=2026-04-18T20:14:53.218Z level=INFO msg="bmp collector started" nats_url=nats://nats.jalapeno.svc.cluster.local:4222 handlers=4

$ kubectl -n jalapeno logs -f deployment/nats
[1] 2026/04/18 18:10:33.914616 [INF] Starting nats-server
[1] 2026/04/18 18:10:33.914678 [INF]   Version:  2.12.7
[1] 2026/04/18 18:10:33.914682 [INF]   Git:      [b4ce0f9]
[1] 2026/04/18 18:10:33.914684 [INF]   Name:     NAZKC4PSR6QHXPVPZS2EWPIO34U74SDC6JN67MI45REXYMJMTNPRGKYX
[1] 2026/04/18 18:10:33.914688 [INF]   Node:     AMwYjYw3
[1] 2026/04/18 18:10:33.914689 [INF]   ID:       NAZKC4PSR6QHXPVPZS2EWPIO34U74SDC6JN67MI45REXYMJMTNPRGKYX
[1] 2026/04/18 18:10:33.914702 [INF] Using configuration file: /etc/nats/nats-server.conf (sha256:52f1f85f33ccdcbdd5c9574b1ef3df7131fe46c5eb0599b7996100d0ef6f2b09)
[1] 2026/04/18 18:10:33.915395 [INF] Starting http monitor on 0.0.0.0:8222
[1] 2026/04/18 18:10:33.915547 [INF] Starting JetStream
[1] 2026/04/18 18:10:33.915566 [WRN] Temporary storage directory used, data could be lost on system reboot
[1] 2026/04/18 18:10:33.915854 [INF]     _ ___ _____ ___ _____ ___ ___   _   __  __
[1] 2026/04/18 18:10:33.915862 [INF]  _ | | __|_   _/ __|_   _| _ \ __| /_\ |  \/  |
[1] 2026/04/18 18:10:33.915864 [INF] | || | _|  | | \__ \ | | |   / _| / _ \| |\/| |
[1] 2026/04/18 18:10:33.915865 [INF]  \__/|___| |_| |___/ |_| |_|_\___/_/ \_\_|  |_|
[1] 2026/04/18 18:10:33.915866 [INF] 
[1] 2026/04/18 18:10:33.915867 [INF]          https://docs.nats.io/jetstream
[1] 2026/04/18 18:10:33.915868 [INF] 
[1] 2026/04/18 18:10:33.915869 [INF] ---------------- JETSTREAM ----------------
[1] 2026/04/18 18:10:33.915870 [INF]   Strict:          true
[1] 2026/04/18 18:10:33.915874 [INF]   Max Memory:      1.00 GB
[1] 2026/04/18 18:10:33.915876 [INF]   Max Storage:     108.68 GB
[1] 2026/04/18 18:10:33.915877 [INF]   Store Directory: "/tmp/nats/jetstream"
[1] 2026/04/18 18:10:33.915879 [INF]   API Level:       3
[1] 2026/04/18 18:10:33.915881 [INF] -------------------------------------------
[1] 2026/04/18 18:10:33.916159 [INF] Took 602.289µs to start JetStream
[1] 2026/04/18 18:10:33.916245 [INF] Listening for client connections on 0.0.0.0:4222
[1] 2026/04/18 18:10:33.916406 [INF] Server is ready
q^C
cisco@jalapeno-host:~/scoville/log$ kubectl -n jalapeno logs -f deployment/gobmp-nats | more
I0418 20:54:05.635158       1 nats-publisher.go:140] Initializing NATS producer client
I0418 20:54:05.639452       1 gobmp.go:123] NATS publisher has been successfully initialized.
I0418 20:54:05.639879       1 gobmpsrv.go:81] Starting gobmp server on [::]:5001
I0418 20:57:32.759664       1 gobmpsrv.go:126] client 10.0.0.160:4043 accepted, calling bmpWorker
I0418 20:57:47.641506       1 srv6-endxsidtlv.go:133] SRv6 End.X SID TLV Raw: [ 0x00, 0x39, 0x80, 0x80, 0x00, 0x00, 0xFC, 0x00, 0x00, 0x01, 0x00, 0x03, 0xE0, 0x0
6, 0x00, 0x00, 0x00, 0x00, 0x00, 0x00, 0x00, 0x00, 0x04, 0xE4, 0x00, 0x04, 0x20, 0x10, 0x10, 0x40 ]
I0418 20:57:47.641535       1 srv6-subtlv.go:49] SRv6 Sub TLV of type: 1252 Raw: [ 0x04, 0xE4, 0x00, 0x04, 0x20, 0x10, 0x10, 0x40 ]
I0418 20:57:47.641543       1 srv6-endxsidtlv.go:133] SRv6 End.X SID TLV Raw: [ 0x00, 0x39, 0x00, 0x80, 0x00, 0x00, 0xFC, 0x00, 0x00, 0x01, 0x00, 0x03, 0xE0, 0x0
7, 0x00, 0x00, 0x00, 0x00, 0x00, 0x00, 0x00, 0x00, 0x04, 0xE4, 0x00, 0x04, 0x20, 0x10, 0x10, 0x40 ]
